1655940846914	geckodriver	INFO	Listening on 127.0.0.1:56524
1655940849981	mozrunner::runner	INFO	Running command: "C:\\Program Files (x86)\\Mozilla Firefox\\firefox.exe" "--marionette" "--remote-debugging-port" "56525" "--remote-allow-hosts" "localhost" "-no-remote" "-profile" "C:\\Users\\Hamza\\AppData\\Local\\Temp\\rust_mozprofileasK0xD"
1655940850191	Marionette	INFO	Marionette enabled
WebDriver BiDi listening on ws://localhost:56525
console.warn: SearchSettings: "get: No settings file exists, new profile?" (new NotFoundError("Could not open the file at C:\\Users\\Hamza\\AppData\\Local\\Temp\\rust_mozprofileasK0xD\\search.json.mozlz4", (void 0)))
1655940851454	Marionette	INFO	Listening on port 56547
DevTools listening on ws://localhost:56525/devtools/browser/f39f7ad0-cea6-4cbd-8d70-05f12a93c8b0
Read port: 56547
1655940851578	RemoteAgent	WARN	TLS certificate errors will be ignored for this session
JavaScript warning: https://sheinsz.ltwebstatic.com/she_dist/assets/core-vendors.b49566.js, line 2: WEBGL_debug_renderer_info is deprecated in Firefox and will be removed. Please use RENDERER.
JavaScript warning: https://sheinsz.ltwebstatic.com/she_dist/assets/core-vendors.b49566.js, line 2: WEBGL_debug_renderer_info is deprecated in Firefox and will be removed. Please use RENDERER.
JavaScript warning: https://sheinsz.ltwebstatic.com/she_dist/libs/devices/fpv2.1.js, line 1: unreachable code after return statement
JavaScript warning: https://sheinsz.ltwebstatic.com/she_dist/libs/devices/fpv2.1.js, line 1: unreachable code after return statement
JavaScript warning: https://sheinsz.ltwebstatic.com/she_dist/libs/devices/fpv2.1.js, line 1: unreachable code after return statement
JavaScript warning: https://sheinsz.ltwebstatic.com/she_dist/libs/devices/fpv2.1.js, line 1: unreachable code after return statement
JavaScript warning: https://sheinsz.ltwebstatic.com/she_dist/libs/devices/fpv2.1.js, line 1: unreachable code after return statement
JavaScript warning: https://sheinsz.ltwebstatic.com/she_dist/libs/devices/fpv2.1.js, line 1: unreachable code after return statement
JavaScript warning: https://sheinsz.ltwebstatic.com/she_dist/libs/devices/fpv2.1.js, line 1: unreachable code after return statement
JavaScript warning: https://sheinsz.ltwebstatic.com/she_dist/libs/devices/fpv2.1.js, line 1: unreachable code after return statement
JavaScript warning: https://sheinsz.ltwebstatic.com/she_dist/libs/devices/fpv2.1.js, line 1: unreachable code after return statement
JavaScript warning: https://sheinsz.ltwebstatic.com/she_dist/libs/devices/fpv2.1.js, line 1: unreachable code after return statement
JavaScript warning: https://sheinsz.ltwebstatic.com/she_dist/libs/devices/fpv2.1.js, line 1: unreachable code after return statement
JavaScript warning: https://sheinsz.ltwebstatic.com/she_dist/libs/devices/fpv2.1.js, line 1: unreachable code after return statement
JavaScript warning: https://sheinsz.ltwebstatic.com/she_dist/libs/devices/fpv2.1.js, line 1: unreachable code after return statement
JavaScript warning: https://sheinsz.ltwebstatic.com/she_dist/libs/devices/fpv2.1.js, line 1: unreachable code after return statement
JavaScript warning: https://sheinsz.ltwebstatic.com/she_dist/libs/devices/fpv2.1.js, line 1: unreachable code after return statement
JavaScript warning: https://sheinsz.ltwebstatic.com/she_dist/libs/devices/fpv2.1.js, line 1: unreachable code after return statement
JavaScript warning: https://sheinsz.ltwebstatic.com/she_dist/libs/devices/fpv2.1.js, line 1: unreachable code after return statement
JavaScript warning: https://sheinsz.ltwebstatic.com/she_dist/libs/devices/fpv2.1.js, line 1: unreachable code after return statement
JavaScript warning: https://sheinsz.ltwebstatic.com/she_dist/libs/devices/fpv2.1.js, line 1: unreachable code after return statement
JavaScript warning: https://sheinsz.ltwebstatic.com/she_dist/libs/devices/fpv2.1.js, line 1: unreachable code after return statement
JavaScript warning: https://sheinsz.ltwebstatic.com/she_dist/libs/devices/fpv2.1.js, line 1: unreachable code after return statement
JavaScript warning: https://sheinsz.ltwebstatic.com/she_dist/libs/devices/fpv2.1.js, line 1: unreachable code after return statement
JavaScript error: , line 0: uncaught exception: Object
JavaScript error: , line 0: uncaught exception: Object
1655940854671	Marionette	INFO	Stopped listening on port 56547
JavaScript error: resource://gre/modules/AsyncShutdown.jsm, line 718: Error: Phase "Sqlite.jsm: wait until all connections are closed" is finished, it is too late to register completion condition "protections.sqlite#0: waiting for shutdown"
1655940968705	geckodriver	INFO	Listening on 127.0.0.1:59894
1655940971771	mozrunner::runner	INFO	Running command: "C:\\Program Files (x86)\\Mozilla Firefox\\firefox.exe" "--marionette" "--remote-debugging-port" "59895" "--remote-allow-hosts" "localhost" "-no-remote" "-profile" "C:\\Users\\Hamza\\AppData\\Local\\Temp\\rust_mozprofilezXzkAr"
1655940972034	Marionette	INFO	Marionette enabled
WebDriver BiDi listening on ws://localhost:59895
console.warn: SearchSettings: "get: No settings file exists, new profile?" (new NotFoundError("Could not open the file at C:\\Users\\Hamza\\AppData\\Local\\Temp\\rust_mozprofilezXzkAr\\search.json.mozlz4", (void 0)))
1655940973581	Marionette	INFO	Listening on port 59918
DevTools listening on ws://localhost:59895/devtools/browser/dae0022d-189f-4082-bb0b-20bb652a06a3
Read port: 59918
1655940973633	RemoteAgent	WARN	TLS certificate errors will be ignored for this session
JavaScript warning: https://sheinsz.ltwebstatic.com/she_dist/assets/core-vendors.b49566.js, line 2: WEBGL_debug_renderer_info is deprecated in Firefox and will be removed. Please use RENDERER.
JavaScript warning: https://sheinsz.ltwebstatic.com/she_dist/assets/core-vendors.b49566.js, line 2: WEBGL_debug_renderer_info is deprecated in Firefox and will be removed. Please use RENDERER.
JavaScript warning: https://sheinsz.ltwebstatic.com/she_dist/libs/devices/fpv2.1.js, line 1: unreachable code after return statement
JavaScript warning: https://sheinsz.ltwebstatic.com/she_dist/libs/devices/fpv2.1.js, line 1: unreachable code after return statement
JavaScript warning: https://sheinsz.ltwebstatic.com/she_dist/libs/devices/fpv2.1.js, line 1: unreachable code after return statement
JavaScript warning: https://sheinsz.ltwebstatic.com/she_dist/libs/devices/fpv2.1.js, line 1: unreachable code after return statement
JavaScript warning: https://sheinsz.ltwebstatic.com/she_dist/libs/devices/fpv2.1.js, line 1: unreachable code after return statement
JavaScript warning: https://sheinsz.ltwebstatic.com/she_dist/libs/devices/fpv2.1.js, line 1: unreachable code after return statement
JavaScript warning: https://sheinsz.ltwebstatic.com/she_dist/libs/devices/fpv2.1.js, line 1: unreachable code after return statement
JavaScript warning: https://sheinsz.ltwebstatic.com/she_dist/libs/devices/fpv2.1.js, line 1: unreachable code after return statement
JavaScript warning: https://sheinsz.ltwebstatic.com/she_dist/libs/devices/fpv2.1.js, line 1: unreachable code after return statement
JavaScript warning: https://sheinsz.ltwebstatic.com/she_dist/libs/devices/fpv2.1.js, line 1: unreachable code after return statement
JavaScript warning: https://sheinsz.ltwebstatic.com/she_dist/libs/devices/fpv2.1.js, line 1: unreachable code after return statement
JavaScript warning: https://sheinsz.ltwebstatic.com/she_dist/libs/devices/fpv2.1.js, line 1: unreachable code after return statement
JavaScript warning: https://sheinsz.ltwebstatic.com/she_dist/libs/devices/fpv2.1.js, line 1: unreachable code after return statement
JavaScript warning: https://sheinsz.ltwebstatic.com/she_dist/libs/devices/fpv2.1.js, line 1: unreachable code after return statement
JavaScript warning: https://sheinsz.ltwebstatic.com/she_dist/libs/devices/fpv2.1.js, line 1: unreachable code after return statement
JavaScript warning: https://sheinsz.ltwebstatic.com/she_dist/libs/devices/fpv2.1.js, line 1: unreachable code after return statement
JavaScript warning: https://sheinsz.ltwebstatic.com/she_dist/libs/devices/fpv2.1.js, line 1: unreachable code after return statement
JavaScript warning: https://sheinsz.ltwebstatic.com/she_dist/libs/devices/fpv2.1.js, line 1: unreachable code after return statement
JavaScript warning: https://sheinsz.ltwebstatic.com/she_dist/libs/devices/fpv2.1.js, line 1: unreachable code after return statement
JavaScript warning: https://sheinsz.ltwebstatic.com/she_dist/libs/devices/fpv2.1.js, line 1: unreachable code after return statement
JavaScript warning: https://sheinsz.ltwebstatic.com/she_dist/libs/devices/fpv2.1.js, line 1: unreachable code after return statement
JavaScript warning: https://sheinsz.ltwebstatic.com/she_dist/libs/devices/fpv2.1.js, line 1: unreachable code after return statement
JavaScript warning: https://sheinsz.ltwebstatic.com/she_dist/libs/geetest/fullpage.1.1.9.js, line 10: WEBGL_debug_renderer_info is deprecated in Firefox and will be removed. Please use RENDERER.
JavaScript error: https://sheinsz.ltwebstatic.com/she_dist/assets/runtime-02fb81.js, line 1: ChunkLoadError: Loading chunk 349 failed.
(error: https://sheinsz.ltwebstatic.com/she_dist/assets/349.856973.js)
1655940979920	Marionette	INFO	Stopped listening on port 59918

###!!! [Parent][PContentParent] Error: Send(msgname=PContent::Reply_DiscardBrowsingContext) Closed channel: cannot send/recv


###!!! [Child][PContentChild] Error: Send(msgname=PHttpChannel::Msg_DeletingChannel) Channel closing: too late to send/recv, messages will be lost


###!!! [Child][PContentChild] Error: Send(msgname=PHttpChannel::Msg_DeletingChannel) Channel closing: too late to send/recv, messages will be lost


###!!! [Child][PContentChild] Error: Send(msgname=PHttpChannel::Msg_Cancel) Channel closing: too late to send/recv, messages will be lost


###!!! [Child][PContentChild] Error: Send(msgname=PHttpChannel::Msg_DeletingChannel) Channel closing: too late to send/recv, messages will be lost


###!!! [Child][PContentChild] Error: Send(msgname=PHttpChannel::Msg_DeletingChannel) Channel closing: too late to send/recv, messages will be lost


###!!! [Child][PContentChild] Error: Send(msgname=PContent::Msg_ScriptError) Channel closing: too late to send/recv, messages will be lost


###!!! [Child][PContentChild] Error: Send(msgname=PHttpChannel::Msg_DeletingChannel) Channel closing: too late to send/recv, messages will be lost


###!!! [Child][PContentChild] Error: Send(msgname=PHttpChannel::Msg_DeletingChannel) Channel closing: too late to send/recv, messages will be lost


###!!! [Parent][PContentParent] Error: Send(msgname=PContent::Msg_DestroyBrowsingContextGroup) Closed channel: cannot send/recv


###!!! [Child][PContentChild] Error: RunMessage(msgname=PContent::Msg_DiscardBrowsingContext) Channel closing: too late to send/recv, messages will be lost


###!!! [Child][PContentChild] Error: RunMessage(msgname=PContent::Reply_DiscardBrowsingContext) Channel closing: too late to send/recv, messages will be lost


###!!! [Child][PContentChild] Error: Send(msgname=PContent::Msg_ScriptError) Channel closing: too late to send/recv, messages will be lost


###!!! [Child][PContentChild] Error: RunMessage(msgname=PHttpChannel::Msg_DeleteSelf) Channel closing: too late to send/recv, messages will be lost


###!!! [Child][PContentChild] Error: Send(msgname=PContent::Msg_ScriptError) Channel closing: too late to send/recv, messages will be lost


###!!! [Child][PContentChild] Error: RunMessage(msgname=PHttpChannel::Msg_DeleteSelf) Channel closing: too late to send/recv, messages will be lost

JavaScript error: resource://gre/modules/Sqlite.jsm, line 1105: Error: Sqlite.jsm has been shutdown. Cannot open connection to: C:\Users\Hamza\AppData\Local\Temp\rust_mozprofilezXzkAr\protections.sqlite

###!!! [Parent][PGPUParent] Error: RunMessage(msgname=PGPU::Msg_ShutdownVR) Channel closing: too late to send/recv, messages will be lost

1655941153965	geckodriver	INFO	Listening on 127.0.0.1:60107
1655941157022	mozrunner::runner	INFO	Running command: "C:\\Program Files (x86)\\Mozilla Firefox\\firefox.exe" "--marionette" "--remote-debugging-port" "60108" "--remote-allow-hosts" "localhost" "-no-remote" "-profile" "C:\\Users\\Hamza\\AppData\\Local\\Temp\\rust_mozprofilebnoBMo"
1655941157253	Marionette	INFO	Marionette enabled
WebDriver BiDi listening on ws://localhost:60108
console.warn: SearchSettings: "get: No settings file exists, new profile?" (new NotFoundError("Could not open the file at C:\\Users\\Hamza\\AppData\\Local\\Temp\\rust_mozprofilebnoBMo\\search.json.mozlz4", (void 0)))
1655941158585	Marionette	INFO	Listening on port 60130
DevTools listening on ws://localhost:60108/devtools/browser/78fa3921-6462-4e37-926a-8f63fccf5206
Read port: 60130
1655941158707	RemoteAgent	WARN	TLS certificate errors will be ignored for this session
JavaScript warning: https://sheinsz.ltwebstatic.com/she_dist/assets/core-vendors.b49566.js, line 2: WEBGL_debug_renderer_info is deprecated in Firefox and will be removed. Please use RENDERER.
JavaScript warning: https://sheinsz.ltwebstatic.com/she_dist/assets/core-vendors.b49566.js, line 2: WEBGL_debug_renderer_info is deprecated in Firefox and will be removed. Please use RENDERER.
JavaScript warning: https://sheinsz.ltwebstatic.com/she_dist/libs/devices/fpv2.1.js, line 1: unreachable code after return statement
JavaScript warning: https://sheinsz.ltwebstatic.com/she_dist/libs/devices/fpv2.1.js, line 1: unreachable code after return statement
JavaScript warning: https://sheinsz.ltwebstatic.com/she_dist/libs/devices/fpv2.1.js, line 1: unreachable code after return statement
JavaScript warning: https://sheinsz.ltwebstatic.com/she_dist/libs/devices/fpv2.1.js, line 1: unreachable code after return statement
JavaScript warning: https://sheinsz.ltwebstatic.com/she_dist/libs/devices/fpv2.1.js, line 1: unreachable code after return statement
JavaScript warning: https://sheinsz.ltwebstatic.com/she_dist/libs/devices/fpv2.1.js, line 1: unreachable code after return statement
JavaScript warning: https://sheinsz.ltwebstatic.com/she_dist/libs/devices/fpv2.1.js, line 1: unreachable code after return statement
JavaScript warning: https://sheinsz.ltwebstatic.com/she_dist/libs/devices/fpv2.1.js, line 1: unreachable code after return statement
JavaScript warning: https://sheinsz.ltwebstatic.com/she_dist/libs/devices/fpv2.1.js, line 1: unreachable code after return statement
JavaScript warning: https://sheinsz.ltwebstatic.com/she_dist/libs/devices/fpv2.1.js, line 1: unreachable code after return statement
JavaScript warning: https://sheinsz.ltwebstatic.com/she_dist/libs/devices/fpv2.1.js, line 1: unreachable code after return statement
JavaScript warning: https://sheinsz.ltwebstatic.com/she_dist/libs/devices/fpv2.1.js, line 1: unreachable code after return statement
JavaScript warning: https://sheinsz.ltwebstatic.com/she_dist/libs/devices/fpv2.1.js, line 1: unreachable code after return statement
JavaScript warning: https://sheinsz.ltwebstatic.com/she_dist/libs/devices/fpv2.1.js, line 1: unreachable code after return statement
JavaScript warning: https://sheinsz.ltwebstatic.com/she_dist/libs/devices/fpv2.1.js, line 1: unreachable code after return statement
JavaScript warning: https://sheinsz.ltwebstatic.com/she_dist/libs/devices/fpv2.1.js, line 1: unreachable code after return statement
JavaScript warning: https://sheinsz.ltwebstatic.com/she_dist/libs/devices/fpv2.1.js, line 1: unreachable code after return statement
JavaScript warning: https://sheinsz.ltwebstatic.com/she_dist/libs/devices/fpv2.1.js, line 1: unreachable code after return statement
JavaScript warning: https://sheinsz.ltwebstatic.com/she_dist/libs/devices/fpv2.1.js, line 1: unreachable code after return statement
JavaScript warning: https://sheinsz.ltwebstatic.com/she_dist/libs/devices/fpv2.1.js, line 1: unreachable code after return statement
JavaScript warning: https://sheinsz.ltwebstatic.com/she_dist/libs/devices/fpv2.1.js, line 1: unreachable code after return statement
JavaScript warning: https://sheinsz.ltwebstatic.com/she_dist/libs/devices/fpv2.1.js, line 1: unreachable code after return statement
JavaScript error: , line 0: uncaught exception: Object
JavaScript error: , line 0: uncaught exception: Object
1655941162148	Marionette	INFO	Stopped listening on port 60130

###!!! [Parent][PContentParent] Error: Send(msgname=PContent::Reply_DiscardBrowsingContext) Closed channel: cannot send/recv


###!!! [Child][PContentChild] Error: Send(msgname=PBrowser::Msg___delete__) Channel closing: too late to send/recv, messages will be lost


###!!! [Child][PContentChild] Error: RunMessage(msgname=PContent::Msg_DiscardBrowsingContext) Channel closing: too late to send/recv, messages will be lost


###!!! [Child][PContentChild] Error: RunMessage(msgname=PContent::Reply_DiscardBrowsingContext) Channel closing: too late to send/recv, messages will be lost


###!!! [Child][PContentChild] Error: RunMessage(msgname=PHttpChannel::Msg_DeleteSelf) Channel closing: too late to send/recv, messages will be lost


###!!! [Child][PContentChild] Error: RunMessage(msgname=PHttpChannel::Msg_DeleteSelf) Channel closing: too late to send/recv, messages will be lost


###!!! [Child][PContentChild] Error: RunMessage(msgname=PHttpChannel::Msg_DeleteSelf) Channel closing: too late to send/recv, messages will be lost


###!!! [Child][PContentChild] Error: RunMessage(msgname=PHttpChannel::Msg_DeleteSelf) Channel closing: too late to send/recv, messages will be lost


###!!! [Child][PContentChild] Error: RunMessage(msgname=PHttpChannel::Msg_DeleteSelf) Channel closing: too late to send/recv, messages will be lost


###!!! [Child][PContentChild] Error: RunMessage(msgname=PHttpChannel::Msg_DeleteSelf) Channel closing: too late to send/recv, messages will be lost


###!!! [Child][PContentChild] Error: RunMessage(msgname=PHttpChannel::Msg_DeleteSelf) Channel closing: too late to send/recv, messages will be lost


###!!! [Child][PContentChild] Error: RunMessage(msgname=PHttpChannel::Msg_DeleteSelf) Channel closing: too late to send/recv, messages will be lost


###!!! [Child][PContentChild] Error: RunMessage(msgname=PHttpChannel::Msg_DeleteSelf) Channel closing: too late to send/recv, messages will be lost


###!!! [Child][PContentChild] Error: RunMessage(msgname=PHttpChannel::Msg_DeleteSelf) Channel closing: too late to send/recv, messages will be lost


###!!! [Child][PContentChild] Error: RunMessage(msgname=PHttpChannel::Msg_DeleteSelf) Channel closing: too late to send/recv, messages will be lost


###!!! [Child][PContentChild] Error: RunMessage(msgname=PHttpChannel::Msg_DeleteSelf) Channel closing: too late to send/recv, messages will be lost


###!!! [Child][PContentChild] Error: RunMessage(msgname=PHttpChannel::Msg_DeleteSelf) Channel closing: too late to send/recv, messages will be lost


###!!! [Child][PContentChild] Error: RunMessage(msgname=PHttpChannel::Msg_DeleteSelf) Channel closing: too late to send/recv, messages will be lost


###!!! [Child][PContentChild] Error: RunMessage(msgname=PHttpChannel::Msg_DeleteSelf) Channel closing: too late to send/recv, messages will be lost


###!!! [Child][PContentChild] Error: RunMessage(msgname=PHttpChannel::Msg_DeleteSelf) Channel closing: too late to send/recv, messages will be lost


###!!! [Child][PContentChild] Error: RunMessage(msgname=PHttpChannel::Msg_DeleteSelf) Channel closing: too late to send/recv, messages will be lost


###!!! [Child][PContentChild] Error: RunMessage(msgname=PHttpChannel::Msg_DeleteSelf) Channel closing: too late to send/recv, messages will be lost


###!!! [Child][PContentChild] Error: RunMessage(msgname=PHttpChannel::Msg_DeleteSelf) Channel closing: too late to send/recv, messages will be lost


###!!! [Child][PContentChild] Error: RunMessage(msgname=PHttpChannel::Msg_DeleteSelf) Channel closing: too late to send/recv, messages will be lost


###!!! [Child][PContentChild] Error: RunMessage(msgname=PHttpChannel::Msg_DeleteSelf) Channel closing: too late to send/recv, messages will be lost


###!!! [Child][PContentChild] Error: RunMessage(msgname=PHttpChannel::Msg_DeleteSelf) Channel closing: too late to send/recv, messages will be lost


###!!! [Child][PContentChild] Error: RunMessage(msgname=PHttpChannel::Msg_DeleteSelf) Channel closing: too late to send/recv, messages will be lost


###!!! [Parent][PContentParent] Error: Send(msgname=PContent::Msg_DestroyBrowsingContextGroup) Closed channel: cannot send/recv

JavaScript error: resource://gre/modules/Sqlite.jsm, line 1105: Error: Sqlite.jsm has been shutdown. Cannot open connection to: C:\Users\Hamza\AppData\Local\Temp\rust_mozprofilebnoBMo\protections.sqlite
1655941205908	geckodriver	INFO	Listening on 127.0.0.1:60228
1655941208998	mozrunner::runner	INFO	Running command: "C:\\Program Files (x86)\\Mozilla Firefox\\firefox.exe" "--marionette" "--remote-debugging-port" "60229" "--remote-allow-hosts" "localhost" "-no-remote" "-profile" "C:\\Users\\Hamza\\AppData\\Local\\Temp\\rust_mozprofileCbVYvJ"
1655941209225	Marionette	INFO	Marionette enabled
WebDriver BiDi listening on ws://localhost:60229
console.warn: SearchSettings: "get: No settings file exists, new profile?" (new NotFoundError("Could not open the file at C:\\Users\\Hamza\\AppData\\Local\\Temp\\rust_mozprofileCbVYvJ\\search.json.mozlz4", (void 0)))
1655941210573	Marionette	INFO	Listening on port 60252
DevTools listening on ws://localhost:60229/devtools/browser/7588f5a3-4b66-4e78-a878-0e471d5f478f
Read port: 60252
1655941210692	RemoteAgent	WARN	TLS certificate errors will be ignored for this session
JavaScript warning: https://sheinsz.ltwebstatic.com/she_dist/assets/core-vendors.b49566.js, line 2: WEBGL_debug_renderer_info is deprecated in Firefox and will be removed. Please use RENDERER.
JavaScript warning: https://sheinsz.ltwebstatic.com/she_dist/assets/core-vendors.b49566.js, line 2: WEBGL_debug_renderer_info is deprecated in Firefox and will be removed. Please use RENDERER.
JavaScript warning: https://sheinsz.ltwebstatic.com/she_dist/libs/devices/fpv2.1.js, line 1: unreachable code after return statement
JavaScript warning: https://sheinsz.ltwebstatic.com/she_dist/libs/devices/fpv2.1.js, line 1: unreachable code after return statement
JavaScript warning: https://sheinsz.ltwebstatic.com/she_dist/libs/devices/fpv2.1.js, line 1: unreachable code after return statement
JavaScript warning: https://sheinsz.ltwebstatic.com/she_dist/libs/devices/fpv2.1.js, line 1: unreachable code after return statement
JavaScript warning: https://sheinsz.ltwebstatic.com/she_dist/libs/devices/fpv2.1.js, line 1: unreachable code after return statement
JavaScript warning: https://sheinsz.ltwebstatic.com/she_dist/libs/devices/fpv2.1.js, line 1: unreachable code after return statement
JavaScript warning: https://sheinsz.ltwebstatic.com/she_dist/libs/devices/fpv2.1.js, line 1: unreachable code after return statement
JavaScript warning: https://sheinsz.ltwebstatic.com/she_dist/libs/devices/fpv2.1.js, line 1: unreachable code after return statement
JavaScript warning: https://sheinsz.ltwebstatic.com/she_dist/libs/devices/fpv2.1.js, line 1: unreachable code after return statement
JavaScript warning: https://sheinsz.ltwebstatic.com/she_dist/libs/devices/fpv2.1.js, line 1: unreachable code after return statement
JavaScript warning: https://sheinsz.ltwebstatic.com/she_dist/libs/devices/fpv2.1.js, line 1: unreachable code after return statement
JavaScript warning: https://sheinsz.ltwebstatic.com/she_dist/libs/devices/fpv2.1.js, line 1: unreachable code after return statement
JavaScript warning: https://sheinsz.ltwebstatic.com/she_dist/libs/devices/fpv2.1.js, line 1: unreachable code after return statement
JavaScript warning: https://sheinsz.ltwebstatic.com/she_dist/libs/devices/fpv2.1.js, line 1: unreachable code after return statement
JavaScript warning: https://sheinsz.ltwebstatic.com/she_dist/libs/devices/fpv2.1.js, line 1: unreachable code after return statement
JavaScript warning: https://sheinsz.ltwebstatic.com/she_dist/libs/devices/fpv2.1.js, line 1: unreachable code after return statement
JavaScript warning: https://sheinsz.ltwebstatic.com/she_dist/libs/devices/fpv2.1.js, line 1: unreachable code after return statement
JavaScript warning: https://sheinsz.ltwebstatic.com/she_dist/libs/devices/fpv2.1.js, line 1: unreachable code after return statement
JavaScript warning: https://sheinsz.ltwebstatic.com/she_dist/libs/devices/fpv2.1.js, line 1: unreachable code after return statement
JavaScript warning: https://sheinsz.ltwebstatic.com/she_dist/libs/devices/fpv2.1.js, line 1: unreachable code after return statement
JavaScript warning: https://sheinsz.ltwebstatic.com/she_dist/libs/devices/fpv2.1.js, line 1: unreachable code after return statement
JavaScript warning: https://sheinsz.ltwebstatic.com/she_dist/libs/devices/fpv2.1.js, line 1: unreachable code after return statement
JavaScript error: https://sheinsz.ltwebstatic.com/she_dist/assets/runtime-02fb81.js, line 1: ChunkLoadError: Loading chunk 349 failed.
(error: https://sheinsz.ltwebstatic.com/she_dist/assets/349.856973.js)
JavaScript warning: https://sheinsz.ltwebstatic.com/she_dist/assets/core-vendors.b49566.js, line 2: WEBGL_debug_renderer_info is deprecated in Firefox and will be removed. Please use RENDERER.
JavaScript warning: https://sheinsz.ltwebstatic.com/she_dist/assets/core-vendors.b49566.js, line 2: WEBGL_debug_renderer_info is deprecated in Firefox and will be removed. Please use RENDERER.
JavaScript warning: https://sheinsz.ltwebstatic.com/she_dist/assets/core-vendors.b49566.js, line 2: WEBGL_debug_renderer_info is deprecated in Firefox and will be removed. Please use RENDERER.
JavaScript warning: https://sheinsz.ltwebstatic.com/she_dist/assets/core-vendors.b49566.js, line 2: WEBGL_debug_renderer_info is deprecated in Firefox and will be removed. Please use RENDERER.
JavaScript warning: https://sheinsz.ltwebstatic.com/she_dist/assets/core-vendors.b49566.js, line 2: WEBGL_debug_renderer_info is deprecated in Firefox and will be removed. Please use RENDERER.
JavaScript warning: https://sheinsz.ltwebstatic.com/she_dist/assets/core-vendors.b49566.js, line 2: WEBGL_debug_renderer_info is deprecated in Firefox and will be removed. Please use RENDERER.
JavaScript warning: https://sheinsz.ltwebstatic.com/she_dist/libs/devices/fpv2.1.js, line 1: unreachable code after return statement
JavaScript warning: https://sheinsz.ltwebstatic.com/she_dist/libs/devices/fpv2.1.js, line 1: unreachable code after return statement
JavaScript warning: https://sheinsz.ltwebstatic.com/she_dist/libs/devices/fpv2.1.js, line 1: unreachable code after return statement
JavaScript warning: https://sheinsz.ltwebstatic.com/she_dist/libs/devices/fpv2.1.js, line 1: unreachable code after return statement
JavaScript warning: https://sheinsz.ltwebstatic.com/she_dist/libs/devices/fpv2.1.js, line 1: unreachable code after return statement
JavaScript warning: https://sheinsz.ltwebstatic.com/she_dist/libs/devices/fpv2.1.js, line 1: unreachable code after return statement
JavaScript warning: https://sheinsz.ltwebstatic.com/she_dist/libs/devices/fpv2.1.js, line 1: unreachable code after return statement
JavaScript warning: https://sheinsz.ltwebstatic.com/she_dist/libs/devices/fpv2.1.js, line 1: unreachable code after return statement
JavaScript warning: https://sheinsz.ltwebstatic.com/she_dist/libs/devices/fpv2.1.js, line 1: unreachable code after return statement
JavaScript warning: https://sheinsz.ltwebstatic.com/she_dist/libs/devices/fpv2.1.js, line 1: unreachable code after return statement
JavaScript warning: https://sheinsz.ltwebstatic.com/she_dist/libs/devices/fpv2.1.js, line 1: unreachable code after return statement
JavaScript warning: https://sheinsz.ltwebstatic.com/she_dist/libs/devices/fpv2.1.js, line 1: unreachable code after return statement
JavaScript warning: https://sheinsz.ltwebstatic.com/she_dist/libs/devices/fpv2.1.js, line 1: unreachable code after return statement
JavaScript warning: https://sheinsz.ltwebstatic.com/she_dist/libs/devices/fpv2.1.js, line 1: unreachable code after return statement
JavaScript warning: https://sheinsz.ltwebstatic.com/she_dist/libs/devices/fpv2.1.js, line 1: unreachable code after return statement
JavaScript warning: https://sheinsz.ltwebstatic.com/she_dist/libs/devices/fpv2.1.js, line 1: unreachable code after return statement
JavaScript warning: https://sheinsz.ltwebstatic.com/she_dist/libs/devices/fpv2.1.js, line 1: unreachable code after return statement
JavaScript warning: https://sheinsz.ltwebstatic.com/she_dist/libs/devices/fpv2.1.js, line 1: unreachable code after return statement
JavaScript warning: https://sheinsz.ltwebstatic.com/she_dist/libs/devices/fpv2.1.js, line 1: unreachable code after return statement
JavaScript warning: https://sheinsz.ltwebstatic.com/she_dist/libs/devices/fpv2.1.js, line 1: unreachable code after return statement
JavaScript warning: https://sheinsz.ltwebstatic.com/she_dist/libs/devices/fpv2.1.js, line 1: unreachable code after return statement
JavaScript warning: https://sheinsz.ltwebstatic.com/she_dist/libs/devices/fpv2.1.js, line 1: unreachable code after return statement
JavaScript warning: https://sheinsz.ltwebstatic.com/she_dist/libs/geetest/fullpage.1.1.9.js, line 10: WEBGL_debug_renderer_info is deprecated in Firefox and will be removed. Please use RENDERER.
1655941217182	Marionette	INFO	Stopped listening on port 60252

###!!! [Parent][PContentParent] Error: Send(msgname=PContent::Reply_DiscardBrowsingContext) Closed channel: cannot send/recv


###!!! [Parent][PContentParent] Error: Send(msgname=PContent::Msg_DestroyBrowsingContextGroup) Closed channel: cannot send/recv


###!!! [Child][PContentChild] Error: Send(msgname=PHttpChannel::Msg_DeletingChannel) Channel closing: too late to send/recv, messages will be lost


###!!! [Child][PContentChild] Error: Send(msgname=PHttpChannel::Msg_DeletingChannel) Channel closing: too late to send/recv, messages will be lost


###!!! [Child][PContentChild] Error: Send(msgname=PHttpChannel::Msg_DeletingChannel) Channel closing: too late to send/recv, messages will be lost


###!!! [Child][PContentChild] Error: Send(msgname=PHttpChannel::Msg_Cancel) Channel closing: too late to send/recv, messages will be lost


###!!! [Child][PContentChild] Error: Send(msgname=PHttpChannel::Msg_DeletingChannel) Channel closing: too late to send/recv, messages will be lost


###!!! [Child][PContentChild] Error: RunMessage(msgname=PHttpChannel::Msg_DeleteSelf) Channel closing: too late to send/recv, messages will be lost


###!!! [Child][PContentChild] Error: RunMessage(msgname=PContent::Msg_DiscardBrowsingContext) Channel closing: too late to send/recv, messages will be lost


###!!! [Child][PContentChild] Error: RunMessage(msgname=PContent::Reply_DiscardBrowsingContext) Channel closing: too late to send/recv, messages will be lost


###!!! [Child][PContentChild] Error: Send(msgname=PContent::Msg_ScriptError) Channel closing: too late to send/recv, messages will be lost


###!!! [Child][PContentChild] Error: RunMessage(msgname=PHttpChannel::Msg_DeleteSelf) Channel closing: too late to send/recv, messages will be lost


###!!! [Child][PContentChild] Error: Send(msgname=PContent::Msg_ScriptError) Channel closing: too late to send/recv, messages will be lost


###!!! [Child][PContentChild] Error: RunMessage(msgname=PHttpChannel::Msg_DeleteSelf) Channel closing: too late to send/recv, messages will be lost


###!!! [Child][PContentChild] Error: RunMessage(msgname=PHttpChannel::Msg_DeleteSelf) Channel closing: too late to send/recv, messages will be lost


###!!! [Child][PContentChild] Error: Send(msgname=PContent::Msg_ScriptError) Channel closing: too late to send/recv, messages will be lost


###!!! [Child][PContentChild] Error: RunMessage(msgname=PHttpChannel::Msg_DeleteSelf) Channel closing: too late to send/recv, messages will be lost


###!!! [Child][PContentChild] Error: Send(msgname=PContent::Msg_ScriptError) Channel closing: too late to send/recv, messages will be lost


###!!! [Child][PContentChild] Error: RunMessage(msgname=PHttpChannel::Msg_DeleteSelf) Channel closing: too late to send/recv, messages will be lost


###!!! [Child][PContentChild] Error: RunMessage(msgname=PHttpChannel::Msg_DeleteSelf) Channel closing: too late to send/recv, messages will be lost

1655941286668	geckodriver	INFO	Listening on 127.0.0.1:60392
1655941289729	mozrunner::runner	INFO	Running command: "C:\\Program Files (x86)\\Mozilla Firefox\\firefox.exe" "--marionette" "--remote-debugging-port" "60393" "--remote-allow-hosts" "localhost" "-no-remote" "-profile" "C:\\Users\\Hamza\\AppData\\Local\\Temp\\rust_mozprofileMVhf3m"
1655941289967	Marionette	INFO	Marionette enabled
WebDriver BiDi listening on ws://localhost:60393
console.warn: SearchSettings: "get: No settings file exists, new profile?" (new NotFoundError("Could not open the file at C:\\Users\\Hamza\\AppData\\Local\\Temp\\rust_mozprofileMVhf3m\\search.json.mozlz4", (void 0)))
1655941291274	Marionette	INFO	Listening on port 60417
Read port: 60417
1655941291291	RemoteAgent	WARN	TLS certificate errors will be ignored for this session
DevTools listening on ws://localhost:60393/devtools/browser/5d093dc3-e56c-4e13-b032-b20b371e6b7c
JavaScript warning: https://sheinsz.ltwebstatic.com/she_dist/assets/core-vendors.b49566.js, line 2: WEBGL_debug_renderer_info is deprecated in Firefox and will be removed. Please use RENDERER.
JavaScript warning: https://sheinsz.ltwebstatic.com/she_dist/assets/core-vendors.b49566.js, line 2: WEBGL_debug_renderer_info is deprecated in Firefox and will be removed. Please use RENDERER.
JavaScript warning: https://sheinsz.ltwebstatic.com/she_dist/libs/devices/fpv2.1.js, line 1: unreachable code after return statement
JavaScript warning: https://sheinsz.ltwebstatic.com/she_dist/libs/devices/fpv2.1.js, line 1: unreachable code after return statement
JavaScript warning: https://sheinsz.ltwebstatic.com/she_dist/libs/devices/fpv2.1.js, line 1: unreachable code after return statement
JavaScript warning: https://sheinsz.ltwebstatic.com/she_dist/libs/devices/fpv2.1.js, line 1: unreachable code after return statement
JavaScript warning: https://sheinsz.ltwebstatic.com/she_dist/libs/devices/fpv2.1.js, line 1: unreachable code after return statement
JavaScript warning: https://sheinsz.ltwebstatic.com/she_dist/libs/devices/fpv2.1.js, line 1: unreachable code after return statement
JavaScript warning: https://sheinsz.ltwebstatic.com/she_dist/libs/devices/fpv2.1.js, line 1: unreachable code after return statement
JavaScript warning: https://sheinsz.ltwebstatic.com/she_dist/libs/devices/fpv2.1.js, line 1: unreachable code after return statement
JavaScript warning: https://sheinsz.ltwebstatic.com/she_dist/libs/devices/fpv2.1.js, line 1: unreachable code after return statement
JavaScript warning: https://sheinsz.ltwebstatic.com/she_dist/libs/devices/fpv2.1.js, line 1: unreachable code after return statement
JavaScript warning: https://sheinsz.ltwebstatic.com/she_dist/libs/devices/fpv2.1.js, line 1: unreachable code after return statement
JavaScript warning: https://sheinsz.ltwebstatic.com/she_dist/libs/devices/fpv2.1.js, line 1: unreachable code after return statement
JavaScript warning: https://sheinsz.ltwebstatic.com/she_dist/libs/devices/fpv2.1.js, line 1: unreachable code after return statement
JavaScript warning: https://sheinsz.ltwebstatic.com/she_dist/libs/devices/fpv2.1.js, line 1: unreachable code after return statement
JavaScript warning: https://sheinsz.ltwebstatic.com/she_dist/libs/devices/fpv2.1.js, line 1: unreachable code after return statement
JavaScript warning: https://sheinsz.ltwebstatic.com/she_dist/libs/devices/fpv2.1.js, line 1: unreachable code after return statement
JavaScript warning: https://sheinsz.ltwebstatic.com/she_dist/libs/devices/fpv2.1.js, line 1: unreachable code after return statement
JavaScript warning: https://sheinsz.ltwebstatic.com/she_dist/libs/devices/fpv2.1.js, line 1: unreachable code after return statement
JavaScript warning: https://sheinsz.ltwebstatic.com/she_dist/libs/devices/fpv2.1.js, line 1: unreachable code after return statement
JavaScript warning: https://sheinsz.ltwebstatic.com/she_dist/libs/devices/fpv2.1.js, line 1: unreachable code after return statement
JavaScript warning: https://sheinsz.ltwebstatic.com/she_dist/libs/devices/fpv2.1.js, line 1: unreachable code after return statement
JavaScript warning: https://sheinsz.ltwebstatic.com/she_dist/libs/devices/fpv2.1.js, line 1: unreachable code after return statement
JavaScript error: , line 0: uncaught exception: Object
JavaScript warning: https://sheinsz.ltwebstatic.com/she_dist/assets/core-vendors.b49566.js, line 2: WEBGL_debug_renderer_info is deprecated in Firefox and will be removed. Please use RENDERER.
JavaScript warning: https://sheinsz.ltwebstatic.com/she_dist/assets/core-vendors.b49566.js, line 2: WEBGL_debug_renderer_info is deprecated in Firefox and will be removed. Please use RENDERER.
JavaScript warning: https://sheinsz.ltwebstatic.com/she_dist/assets/core-vendors.b49566.js, line 2: WEBGL_debug_renderer_info is deprecated in Firefox and will be removed. Please use RENDERER.
JavaScript warning: https://sheinsz.ltwebstatic.com/she_dist/assets/core-vendors.b49566.js, line 2: WEBGL_debug_renderer_info is deprecated in Firefox and will be removed. Please use RENDERER.
JavaScript warning: https://sheinsz.ltwebstatic.com/she_dist/assets/core-vendors.b49566.js, line 2: WEBGL_debug_renderer_info is deprecated in Firefox and will be removed. Please use RENDERER.
JavaScript warning: https://sheinsz.ltwebstatic.com/she_dist/assets/core-vendors.b49566.js, line 2: WEBGL_debug_renderer_info is deprecated in Firefox and will be removed. Please use RENDERER.
JavaScript warning: https://sheinsz.ltwebstatic.com/she_dist/libs/devices/fpv2.1.js, line 1: unreachable code after return statement
JavaScript warning: https://sheinsz.ltwebstatic.com/she_dist/libs/devices/fpv2.1.js, line 1: unreachable code after return statement
JavaScript warning: https://sheinsz.ltwebstatic.com/she_dist/libs/devices/fpv2.1.js, line 1: unreachable code after return statement
JavaScript warning: https://sheinsz.ltwebstatic.com/she_dist/libs/devices/fpv2.1.js, line 1: unreachable code after return statement
JavaScript warning: https://sheinsz.ltwebstatic.com/she_dist/libs/devices/fpv2.1.js, line 1: unreachable code after return statement
JavaScript warning: https://sheinsz.ltwebstatic.com/she_dist/libs/devices/fpv2.1.js, line 1: unreachable code after return statement
JavaScript warning: https://sheinsz.ltwebstatic.com/she_dist/libs/devices/fpv2.1.js, line 1: unreachable code after return statement
JavaScript warning: https://sheinsz.ltwebstatic.com/she_dist/libs/devices/fpv2.1.js, line 1: unreachable code after return statement
JavaScript warning: https://sheinsz.ltwebstatic.com/she_dist/libs/devices/fpv2.1.js, line 1: unreachable code after return statement
JavaScript warning: https://sheinsz.ltwebstatic.com/she_dist/libs/devices/fpv2.1.js, line 1: unreachable code after return statement
JavaScript warning: https://sheinsz.ltwebstatic.com/she_dist/libs/devices/fpv2.1.js, line 1: unreachable code after return statement
JavaScript warning: https://sheinsz.ltwebstatic.com/she_dist/libs/devices/fpv2.1.js, line 1: unreachable code after return statement
JavaScript warning: https://sheinsz.ltwebstatic.com/she_dist/libs/devices/fpv2.1.js, line 1: unreachable code after return statement
JavaScript warning: https://sheinsz.ltwebstatic.com/she_dist/libs/devices/fpv2.1.js, line 1: unreachable code after return statement
JavaScript warning: https://sheinsz.ltwebstatic.com/she_dist/libs/devices/fpv2.1.js, line 1: unreachable code after return statement
JavaScript warning: https://sheinsz.ltwebstatic.com/she_dist/libs/devices/fpv2.1.js, line 1: unreachable code after return statement
JavaScript warning: https://sheinsz.ltwebstatic.com/she_dist/libs/devices/fpv2.1.js, line 1: unreachable code after return statement
JavaScript warning: https://sheinsz.ltwebstatic.com/she_dist/libs/devices/fpv2.1.js, line 1: unreachable code after return statement
JavaScript warning: https://sheinsz.ltwebstatic.com/she_dist/libs/devices/fpv2.1.js, line 1: unreachable code after return statement
JavaScript warning: https://sheinsz.ltwebstatic.com/she_dist/libs/devices/fpv2.1.js, line 1: unreachable code after return statement
JavaScript warning: https://sheinsz.ltwebstatic.com/she_dist/libs/devices/fpv2.1.js, line 1: unreachable code after return statement
JavaScript warning: https://sheinsz.ltwebstatic.com/she_dist/libs/devices/fpv2.1.js, line 1: unreachable code after return statement
JavaScript warning: https://sheinsz.ltwebstatic.com/she_dist/libs/geetest/fullpage.1.1.9.js, line 10: WEBGL_debug_renderer_info is deprecated in Firefox and will be removed. Please use RENDERER.
JavaScript warning: https://sheinsz.ltwebstatic.com/she_dist/assets/core-vendors.b49566.js, line 2: WEBGL_debug_renderer_info is deprecated in Firefox and will be removed. Please use RENDERER.
JavaScript warning: https://sheinsz.ltwebstatic.com/she_dist/assets/core-vendors.b49566.js, line 2: WEBGL_debug_renderer_info is deprecated in Firefox and will be removed. Please use RENDERER.
1655941299670	Marionette	INFO	Stopped listening on port 60417

###!!! [Parent][PContentParent] Error: Send(msgname=PContent::Reply_DiscardBrowsingContext) Closed channel: cannot send/recv


###!!! [Parent][PContentParent] Error: Send(msgname=PContent::Msg_DestroyBrowsingContextGroup) Closed channel: cannot send/recv


###!!! [Parent][PContentParent] Error: Send(msgname=PContent::Reply_DiscardBrowsingContext) Closed channel: cannot send/recv

1655941326370	geckodriver	INFO	Listening on 127.0.0.1:60548
1655941329425	mozrunner::runner	INFO	Running command: "C:\\Program Files (x86)\\Mozilla Firefox\\firefox.exe" "--marionette" "--remote-debugging-port" "60549" "--remote-allow-hosts" "localhost" "-no-remote" "-profile" "C:\\Users\\Hamza\\AppData\\Local\\Temp\\rust_mozprofileKMTcNz"
1655941329643	Marionette	INFO	Marionette enabled
WebDriver BiDi listening on ws://localhost:60549
console.warn: SearchSettings: "get: No settings file exists, new profile?" (new NotFoundError("Could not open the file at C:\\Users\\Hamza\\AppData\\Local\\Temp\\rust_mozprofileKMTcNz\\search.json.mozlz4", (void 0)))
1655941330921	Marionette	INFO	Listening on port 60571
DevTools listening on ws://localhost:60549/devtools/browser/af9a44b9-5cd7-46d9-9248-977b2586c2d9
Read port: 60571
1655941330980	RemoteAgent	WARN	TLS certificate errors will be ignored for this session
JavaScript warning: https://sheinsz.ltwebstatic.com/she_dist/assets/core-vendors.b49566.js, line 2: WEBGL_debug_renderer_info is deprecated in Firefox and will be removed. Please use RENDERER.
JavaScript warning: https://sheinsz.ltwebstatic.com/she_dist/assets/core-vendors.b49566.js, line 2: WEBGL_debug_renderer_info is deprecated in Firefox and will be removed. Please use RENDERER.
JavaScript warning: https://sheinsz.ltwebstatic.com/she_dist/libs/devices/fpv2.1.js, line 1: unreachable code after return statement
JavaScript warning: https://sheinsz.ltwebstatic.com/she_dist/libs/devices/fpv2.1.js, line 1: unreachable code after return statement
JavaScript warning: https://sheinsz.ltwebstatic.com/she_dist/libs/devices/fpv2.1.js, line 1: unreachable code after return statement
JavaScript warning: https://sheinsz.ltwebstatic.com/she_dist/libs/devices/fpv2.1.js, line 1: unreachable code after return statement
JavaScript warning: https://sheinsz.ltwebstatic.com/she_dist/libs/devices/fpv2.1.js, line 1: unreachable code after return statement
JavaScript warning: https://sheinsz.ltwebstatic.com/she_dist/libs/devices/fpv2.1.js, line 1: unreachable code after return statement
JavaScript warning: https://sheinsz.ltwebstatic.com/she_dist/libs/devices/fpv2.1.js, line 1: unreachable code after return statement
JavaScript warning: https://sheinsz.ltwebstatic.com/she_dist/libs/devices/fpv2.1.js, line 1: unreachable code after return statement
JavaScript warning: https://sheinsz.ltwebstatic.com/she_dist/libs/devices/fpv2.1.js, line 1: unreachable code after return statement
JavaScript warning: https://sheinsz.ltwebstatic.com/she_dist/libs/devices/fpv2.1.js, line 1: unreachable code after return statement
JavaScript warning: https://sheinsz.ltwebstatic.com/she_dist/libs/devices/fpv2.1.js, line 1: unreachable code after return statement
JavaScript warning: https://sheinsz.ltwebstatic.com/she_dist/libs/devices/fpv2.1.js, line 1: unreachable code after return statement
JavaScript warning: https://sheinsz.ltwebstatic.com/she_dist/libs/devices/fpv2.1.js, line 1: unreachable code after return statement
JavaScript warning: https://sheinsz.ltwebstatic.com/she_dist/libs/devices/fpv2.1.js, line 1: unreachable code after return statement
JavaScript warning: https://sheinsz.ltwebstatic.com/she_dist/libs/devices/fpv2.1.js, line 1: unreachable code after return statement
JavaScript warning: https://sheinsz.ltwebstatic.com/she_dist/libs/devices/fpv2.1.js, line 1: unreachable code after return statement
JavaScript warning: https://sheinsz.ltwebstatic.com/she_dist/libs/devices/fpv2.1.js, line 1: unreachable code after return statement
JavaScript warning: https://sheinsz.ltwebstatic.com/she_dist/libs/devices/fpv2.1.js, line 1: unreachable code after return statement
JavaScript warning: https://sheinsz.ltwebstatic.com/she_dist/libs/devices/fpv2.1.js, line 1: unreachable code after return statement
JavaScript warning: https://sheinsz.ltwebstatic.com/she_dist/libs/devices/fpv2.1.js, line 1: unreachable code after return statement
JavaScript warning: https://sheinsz.ltwebstatic.com/she_dist/libs/devices/fpv2.1.js, line 1: unreachable code after return statement
JavaScript warning: https://sheinsz.ltwebstatic.com/she_dist/libs/devices/fpv2.1.js, line 1: unreachable code after return statement
JavaScript warning: https://sheinsz.ltwebstatic.com/she_dist/assets/core-vendors.b49566.js, line 2: WEBGL_debug_renderer_info is deprecated in Firefox and will be removed. Please use RENDERER.
JavaScript warning: https://sheinsz.ltwebstatic.com/she_dist/assets/core-vendors.b49566.js, line 2: WEBGL_debug_renderer_info is deprecated in Firefox and will be removed. Please use RENDERER.
JavaScript warning: https://sheinsz.ltwebstatic.com/she_dist/assets/core-vendors.b49566.js, line 2: WEBGL_debug_renderer_info is deprecated in Firefox and will be removed. Please use RENDERER.
JavaScript warning: https://sheinsz.ltwebstatic.com/she_dist/assets/core-vendors.b49566.js, line 2: WEBGL_debug_renderer_info is deprecated in Firefox and will be removed. Please use RENDERER.
JavaScript warning: https://sheinsz.ltwebstatic.com/she_dist/assets/core-vendors.b49566.js, line 2: WEBGL_debug_renderer_info is deprecated in Firefox and will be removed. Please use RENDERER.
JavaScript warning: https://sheinsz.ltwebstatic.com/she_dist/assets/core-vendors.b49566.js, line 2: WEBGL_debug_renderer_info is deprecated in Firefox and will be removed. Please use RENDERER.
JavaScript warning: https://sheinsz.ltwebstatic.com/she_dist/libs/devices/fpv2.1.js, line 1: unreachable code after return statement
JavaScript warning: https://sheinsz.ltwebstatic.com/she_dist/libs/devices/fpv2.1.js, line 1: unreachable code after return statement
JavaScript warning: https://sheinsz.ltwebstatic.com/she_dist/libs/devices/fpv2.1.js, line 1: unreachable code after return statement
JavaScript warning: https://sheinsz.ltwebstatic.com/she_dist/libs/devices/fpv2.1.js, line 1: unreachable code after return statement
JavaScript warning: https://sheinsz.ltwebstatic.com/she_dist/libs/devices/fpv2.1.js, line 1: unreachable code after return statement
JavaScript warning: https://sheinsz.ltwebstatic.com/she_dist/libs/devices/fpv2.1.js, line 1: unreachable code after return statement
JavaScript warning: https://sheinsz.ltwebstatic.com/she_dist/libs/devices/fpv2.1.js, line 1: unreachable code after return statement
JavaScript warning: https://sheinsz.ltwebstatic.com/she_dist/libs/devices/fpv2.1.js, line 1: unreachable code after return statement
JavaScript warning: https://sheinsz.ltwebstatic.com/she_dist/libs/devices/fpv2.1.js, line 1: unreachable code after return statement
JavaScript warning: https://sheinsz.ltwebstatic.com/she_dist/libs/devices/fpv2.1.js, line 1: unreachable code after return statement
JavaScript warning: https://sheinsz.ltwebstatic.com/she_dist/libs/devices/fpv2.1.js, line 1: unreachable code after return statement
JavaScript warning: https://sheinsz.ltwebstatic.com/she_dist/libs/devices/fpv2.1.js, line 1: unreachable code after return statement
JavaScript warning: https://sheinsz.ltwebstatic.com/she_dist/libs/devices/fpv2.1.js, line 1: unreachable code after return statement
JavaScript warning: https://sheinsz.ltwebstatic.com/she_dist/libs/devices/fpv2.1.js, line 1: unreachable code after return statement
JavaScript warning: https://sheinsz.ltwebstatic.com/she_dist/libs/devices/fpv2.1.js, line 1: unreachable code after return statement
JavaScript warning: https://sheinsz.ltwebstatic.com/she_dist/libs/devices/fpv2.1.js, line 1: unreachable code after return statement
JavaScript warning: https://sheinsz.ltwebstatic.com/she_dist/libs/devices/fpv2.1.js, line 1: unreachable code after return statement
JavaScript warning: https://sheinsz.ltwebstatic.com/she_dist/libs/devices/fpv2.1.js, line 1: unreachable code after return statement
JavaScript warning: https://sheinsz.ltwebstatic.com/she_dist/libs/devices/fpv2.1.js, line 1: unreachable code after return statement
JavaScript warning: https://sheinsz.ltwebstatic.com/she_dist/libs/devices/fpv2.1.js, line 1: unreachable code after return statement
JavaScript warning: https://sheinsz.ltwebstatic.com/she_dist/libs/devices/fpv2.1.js, line 1: unreachable code after return statement
JavaScript warning: https://sheinsz.ltwebstatic.com/she_dist/libs/devices/fpv2.1.js, line 1: unreachable code after return statement
JavaScript warning: https://sheinsz.ltwebstatic.com/she_dist/libs/geetest/fullpage.1.1.9.js, line 10: WEBGL_debug_renderer_info is deprecated in Firefox and will be removed. Please use RENDERER.
JavaScript warning: https://sheinsz.ltwebstatic.com/she_dist/assets/core-vendors.b49566.js, line 2: WEBGL_debug_renderer_info is deprecated in Firefox and will be removed. Please use RENDERER.
JavaScript warning: https://sheinsz.ltwebstatic.com/she_dist/assets/core-vendors.b49566.js, line 2: WEBGL_debug_renderer_info is deprecated in Firefox and will be removed. Please use RENDERER.
JavaScript warning: https://il.shein.com/DQWjovwsmB/V62w0Y/LODp/iG9zXzJruQGa/Z2soa34n/YH/NWEl0GLk4, line 1: WEBGL_debug_renderer_info is deprecated in Firefox and will be removed. Please use RENDERER.
JavaScript warning: https://sheinsz.ltwebstatic.com/she_dist/assets/core-vendors.b49566.js, line 2: WEBGL_debug_renderer_info is deprecated in Firefox and will be removed. Please use RENDERER.
1655941345869	Marionette	INFO	Stopped listening on port 60571
Invalid port. Exiting...
